<?xml version="1.0" encoding="UTF-8"?>
<!-- Generated by org.testng.reporters.JUnitReportReporter -->
<testsuite hostname="josh-Latitude-3410" failures="0" tests="3" name="com.demo.testcases.web.WebLoginTest" time="11.271" errors="0" timestamp="2023-07-03T13:15:09 IST" skipped="2">
  <testcase classname="com.demo.testcases.web.WebLoginTest" name="login" time="11.271"/>
  <system-out/>
  <testcase classname="com.demo.testcases.web.WebLoginTest" name="validate_error_message">
    <skipped/>
  </testcase> <!-- validate_error_message -->
  <system-out/>
  <testcase classname="com.demo.testcases.web.WebLoginTest" name="Logout">
    <skipped/>
  </testcase> <!-- Logout -->
  <system-out/>
</testsuite> <!-- com.demo.testcases.web.WebLoginTest -->
