<?xml version="1.0" encoding="UTF-8"?>
<!-- Generated by org.testng.reporters.JUnitReportReporter -->
<testsuite hostname="josh-Latitude-3410" failures="0" tests="2" name="com.demo.testcases.web.WebInstructionsPageTest" time="16.066" errors="0" timestamp="2023-08-24T13:51:23 IST" skipped="0">
  <testcase classname="com.demo.testcases.web.WebInstructionsPageTest" name="instructions_tab" time="5.151"/>
  <system-out/>
  <testcase classname="com.demo.testcases.web.WebInstructionsPageTest" name="test_instruction_procedure" time="10.915"/>
  <system-out/>
</testsuite> <!-- com.demo.testcases.web.WebInstructionsPageTest -->
