<?xml version="1.0" encoding="UTF-8"?>
<!-- Generated by org.testng.reporters.JUnitReportReporter -->
<testsuite hostname="josh-Latitude-3410" failures="0" tests="9" name="com.demo.testcases.web.WebAppointmentCFDTest" time="88.906" errors="0" timestamp="2023-08-22T11:58:20 IST" skipped="3">
  <testcase classname="com.demo.testcases.web.WebAppointmentCFDTest" name="select_evening_slot" time="9.368"/>
  <system-out/>
  <testcase classname="com.demo.testcases.web.WebAppointmentCFDTest" name="create_appointment" time="22.114"/>
  <system-out/>
  <testcase classname="com.demo.testcases.web.WebAppointmentCFDTest" name="verify_booked_slot" time="35.364"/>
  <system-out/>
  <testcase classname="com.demo.testcases.web.WebAppointmentCFDTest" name="open_create_appointment" time="5.377"/>
  <system-out/>
  <testcase classname="com.demo.testcases.web.WebAppointmentCFDTest" name="verify_20_popular_diagnosis" time="1.638"/>
  <system-out/>
  <testcase classname="com.demo.testcases.web.WebAppointmentCFDTest" name="add_cfd" time="15.045"/>
  <system-out/>
  <testcase classname="com.demo.testcases.web.WebAppointmentCFDTest" name="delete_added_popular_diagnosis">
    <skipped/>
  </testcase> <!-- delete_added_popular_diagnosis -->
  <system-out/>
  <testcase classname="com.demo.testcases.web.WebAppointmentCFDTest" name="verify_disabled_slot">
    <skipped/>
  </testcase> <!-- verify_disabled_slot -->
  <system-out/>
  <testcase classname="com.demo.testcases.web.WebAppointmentCFDTest" name="diagnosis_tab_delete_cfd">
    <skipped/>
  </testcase> <!-- diagnosis_tab_delete_cfd -->
  <system-out/>
</testsuite> <!-- com.demo.testcases.web.WebAppointmentCFDTest -->
