<?xml version="1.0" encoding="UTF-8"?>
<!-- Generated by org.testng.reporters.JUnitReportReporter -->
<testsuite hostname="josh-Latitude-3410" failures="0" tests="4" name="com.demo.testcases.web.WebAppointmentInstructionsPageTest" time="31.348" errors="0" timestamp="2023-07-04T10:35:54 IST" skipped="0">
  <testcase classname="com.demo.testcases.web.WebAppointmentInstructionsPageTest" name="instructions_tab" time="0.298"/>
  <system-out/>
  <testcase classname="com.demo.testcases.web.WebAppointmentInstructionsPageTest" name="search_test" time="10.635"/>
  <system-out/>
  <testcase classname="com.demo.testcases.web.WebAppointmentInstructionsPageTest" name="search_instruction" time="10.376"/>
  <system-out/>
  <testcase classname="com.demo.testcases.web.WebAppointmentInstructionsPageTest" name="search_procedure" time="10.039"/>
  <system-out/>
</testsuite> <!-- com.demo.testcases.web.WebAppointmentInstructionsPageTest -->
