<?xml version="1.0" encoding="UTF-8"?>
<!-- Generated by org.testng.reporters.JUnitReportReporter -->
<testsuite hostname="josh-Latitude-3410" failures="0" tests="11" name="com.demo.testcases.web.WebAppointmentTest" time="6.601" errors="1" timestamp="2023-06-30T12:02:33 IST" skipped="3">
  <testcase classname="com.demo.testcases.web.WebAppointmentTest" name="appointment_for_existing_patient" time="2.691"/>
  <system-out/>
  <testcase classname="com.demo.testcases.web.WebAppointmentTest" name="verify_booked_slot" time="0.465"/>
  <system-out/>
  <testcase classname="com.demo.testcases.web.WebAppointmentTest" name="verify_disabled_slot" time="0.714"/>
  <system-out/>
  <testcase classname="com.demo.testcases.web.WebAppointmentTest" name="open_created_appointment" time="0.232"/>
  <system-out/>
  <testcase classname="com.demo.testcases.web.WebAppointmentTest" name="verify_20_popular_diagnosis" time="1.012"/>
  <system-out/>
  <testcase classname="com.demo.testcases.web.WebAppointmentTest" name="add_popular_diagnosis" time="0.546"/>
  <system-out/>
  <testcase classname="com.demo.testcases.web.WebAppointmentTest" name="diagnosis_tab_add_cfd" time="0.897">
    <error message="stale element reference: element is not attached to the page document
  (Session info: chrome=111.0.5563.146)
For documentation on this error, please visit: https://selenium.dev/exceptions/#stale_element_reference
Build info: version: &#039;4.9.0&#039;, revision: &#039;d7057100a6&#039;
System info: os.name: &#039;Linux&#039;, os.arch: &#039;amd64&#039;, os.version: &#039;5.14.0-1059-oem&#039;, java.version: &#039;17.0.5&#039;
Driver info: org.openqa.selenium.chrome.ChromeDriver
Command: [eea8190a8d1ca2eb32e9dfa94c1f7251, getElementText {id=487d1760-531f-4cdd-9720-ee621b4bfd7f}]
Capabilities {acceptInsecureCerts: false, browserName: chrome, browserVersion: 111.0.5563.146, chrome: {chromedriverVersion: 110.0.5481.77 (65ed616c6e8e..., userDataDir: /tmp/.com.google.Chrome.3ZVfsm}, goog:chromeOptions: {debuggerAddress: localhost:33411}, networkConnectionEnabled: false, pageLoadStrategy: normal, platformName: LINUX, proxy: Proxy(), se:cdp: ws://localhost:33411/devtoo..., se:cdpVersion: 111.0.5563.146, setWindowRect: true, strictFileInteractability: false, timeouts: {implicit: 0, pageLoad: 300000, script: 30000}, unhandledPromptBehavior: dismiss and notify, webauthn:extension:credBlob: true, webauthn:extension:largeBlob: true, webauthn:virtualAuthenticators: true}
Element: [[ChromeDriver: chrome on LINUX (eea8190a8d1ca2eb32e9dfa94c1f7251)] -&gt; xpath: //div[@ng-repeat=&quot;result in vm.search_results&quot;]/a]
Session ID: eea8190a8d1ca2eb32e9dfa94c1f7251" type="org.openqa.selenium.StaleElementReferenceException">
      <![CDATA[org.openqa.selenium.StaleElementReferenceException: stale element reference: element is not attached to the page document
  (Session info: chrome=111.0.5563.146)
For documentation on this error, please visit: https://selenium.dev/exceptions/#stale_element_reference
Build info: version: '4.9.0', revision: 'd7057100a6'
System info: os.name: 'Linux', os.arch: 'amd64', os.version: '5.14.0-1059-oem', java.version: '17.0.5'
Driver info: org.openqa.selenium.chrome.ChromeDriver
Command: [eea8190a8d1ca2eb32e9dfa94c1f7251, getElementText {id=487d1760-531f-4cdd-9720-ee621b4bfd7f}]
Capabilities {acceptInsecureCerts: false, browserName: chrome, browserVersion: 111.0.5563.146, chrome: {chromedriverVersion: 110.0.5481.77 (65ed616c6e8e..., userDataDir: /tmp/.com.google.Chrome.3ZVfsm}, goog:chromeOptions: {debuggerAddress: localhost:33411}, networkConnectionEnabled: false, pageLoadStrategy: normal, platformName: LINUX, proxy: Proxy(), se:cdp: ws://localhost:33411/devtoo..., se:cdpVersion: 111.0.5563.146, setWindowRect: true, strictFileInteractability: false, timeouts: {implicit: 0, pageLoad: 300000, script: 30000}, unhandledPromptBehavior: dismiss and notify, webauthn:extension:credBlob: true, webauthn:extension:largeBlob: true, webauthn:virtualAuthenticators: true}
Element: [[ChromeDriver: chrome on LINUX (eea8190a8d1ca2eb32e9dfa94c1f7251)] -> xpath: //div[@ng-repeat="result in vm.search_results"]/a]
Session ID: eea8190a8d1ca2eb32e9dfa94c1f7251
at java.base/jdk.internal.reflect.NativeConstructorAccessorImpl.newInstance0(Native Method)
at java.base/jdk.internal.reflect.NativeConstructorAccessorImpl.newInstance(NativeConstructorAccessorImpl.java:77)
at java.base/jdk.internal.reflect.DelegatingConstructorAccessorImpl.newInstance(DelegatingConstructorAccessorImpl.java:45)
at java.base/java.lang.reflect.Constructor.newInstanceWithCaller(Constructor.java:499)
at java.base/java.lang.reflect.Constructor.newInstance(Constructor.java:480)
at org.openqa.selenium.remote.codec.w3c.W3CHttpResponseCodec.createException(W3CHttpResponseCodec.java:200)
at org.openqa.selenium.remote.codec.w3c.W3CHttpResponseCodec.decode(W3CHttpResponseCodec.java:133)
at org.openqa.selenium.remote.codec.w3c.W3CHttpResponseCodec.decode(W3CHttpResponseCodec.java:53)
at org.openqa.selenium.remote.HttpCommandExecutor.execute(HttpCommandExecutor.java:193)
at org.openqa.selenium.remote.service.DriverCommandExecutor.invokeExecute(DriverCommandExecutor.java:183)
at org.openqa.selenium.remote.service.DriverCommandExecutor.execute(DriverCommandExecutor.java:158)
at org.openqa.selenium.remote.RemoteWebDriver.execute(RemoteWebDriver.java:543)
at org.openqa.selenium.remote.RemoteWebElement.execute(RemoteWebElement.java:257)
at org.openqa.selenium.remote.RemoteWebElement.getText(RemoteWebElement.java:207)
at com.demo.actions.web.HomePage.search_diagnosis(HomePage.java:266)
at com.demo.testcases.web.WebAppointmentTest.diagnosis_tab_add_cfd(WebAppointmentTest.java:75)
at java.base/jdk.internal.reflect.NativeMethodAccessorImpl.invoke0(Native Method)
at java.base/jdk.internal.reflect.NativeMethodAccessorImpl.invoke(NativeMethodAccessorImpl.java:77)
at java.base/jdk.internal.reflect.DelegatingMethodAccessorImpl.invoke(DelegatingMethodAccessorImpl.java:43)
at java.base/java.lang.reflect.Method.invoke(Method.java:568)
at org.testng.internal.invokers.MethodInvocationHelper.invokeMethod(MethodInvocationHelper.java:139)
at org.testng.internal.invokers.TestInvoker.invokeMethod(TestInvoker.java:677)
at org.testng.internal.invokers.TestInvoker.invokeTestMethod(TestInvoker.java:221)
at org.testng.internal.invokers.MethodRunner.runInSequence(MethodRunner.java:50)
at org.testng.internal.invokers.TestInvoker$MethodInvocationAgent.invoke(TestInvoker.java:969)
at org.testng.internal.invokers.TestInvoker.invokeTestMethods(TestInvoker.java:194)
at org.testng.internal.invokers.TestMethodWorker.invokeTestMethods(TestMethodWorker.java:148)
at org.testng.internal.invokers.TestMethodWorker.run(TestMethodWorker.java:128)
at java.base/java.util.ArrayList.forEach(ArrayList.java:1511)
at org.testng.TestRunner.privateRun(TestRunner.java:829)
at org.testng.TestRunner.run(TestRunner.java:602)
at org.testng.SuiteRunner.runTest(SuiteRunner.java:437)
at org.testng.SuiteRunner.runSequentially(SuiteRunner.java:431)
at org.testng.SuiteRunner.privateRun(SuiteRunner.java:391)
at org.testng.SuiteRunner.run(SuiteRunner.java:330)
at org.testng.SuiteRunnerWorker.runSuite(SuiteRunnerWorker.java:52)
at org.testng.SuiteRunnerWorker.run(SuiteRunnerWorker.java:95)
at org.testng.TestNG.runSuitesSequentially(TestNG.java:1256)
at org.testng.TestNG.runSuitesLocally(TestNG.java:1176)
at org.testng.TestNG.runSuites(TestNG.java:1099)
at org.testng.TestNG.run(TestNG.java:1067)
at org.testng.remote.AbstractRemoteTestNG.run(AbstractRemoteTestNG.java:115)
at org.testng.remote.RemoteTestNG.initAndRun(RemoteTestNG.java:251)
at org.testng.remote.RemoteTestNG.main(RemoteTestNG.java:77)
]]>
    </error>
  </testcase> <!-- diagnosis_tab_add_cfd -->
  <system-out/>
  <testcase classname="com.demo.testcases.web.WebAppointmentTest" name="diagnosis_tab_verify_added_cfd" time="0.044"/>
  <system-out/>
  <testcase classname="com.demo.testcases.web.WebAppointmentTest" name="delete_added_popular_diagnosis">
    <skipped/>
  </testcase> <!-- delete_added_popular_diagnosis -->
  <system-out/>
  <testcase classname="com.demo.testcases.web.WebAppointmentTest" name="diagnosis_tab_delete_cfd">
    <skipped/>
  </testcase> <!-- diagnosis_tab_delete_cfd -->
  <system-out/>
  <testcase classname="com.demo.testcases.web.WebAppointmentTest" name="summary_tab">
    <skipped/>
  </testcase> <!-- summary_tab -->
  <system-out/>
</testsuite> <!-- com.demo.testcases.web.WebAppointmentTest -->
