<?xml version="1.0" encoding="UTF-8"?>
<!-- Generated by org.testng.reporters.JUnitReportReporter -->
<testsuite hostname="josh-Latitude-3410" failures="0" tests="4" name="com.demo.testcases.web.WebAppointmentHomePageTest" time="67.275" errors="0" timestamp="2023-08-22T15:18:47 IST" skipped="1">
  <testcase classname="com.demo.testcases.web.WebAppointmentHomePageTest" name="select_evening_slot" time="9.276"/>
  <system-out/>
  <testcase classname="com.demo.testcases.web.WebAppointmentHomePageTest" name="appointment" time="22.610"/>
  <system-out/>
  <testcase classname="com.demo.testcases.web.WebAppointmentHomePageTest" name="verify_booked_slot" time="35.389"/>
  <system-out/>
  <testcase classname="com.demo.testcases.web.WebAppointmentHomePageTest" name="verify_disabled_slot">
    <skipped/>
  </testcase> <!-- verify_disabled_slot -->
  <system-out/>
</testsuite> <!-- com.demo.testcases.web.WebAppointmentHomePageTest -->
