<?xml version="1.0" encoding="UTF-8"?>
<!-- Generated by org.testng.reporters.JUnitReportReporter -->
<testsuite hostname="josh-Latitude-3410" failures="0" tests="8" name="com.demo.testcases.web.WebAppointmentSummaryPageTest" time="92.759" errors="0" timestamp="2023-08-22T15:18:47 IST" skipped="0">
  <testcase classname="com.demo.testcases.web.WebAppointmentSummaryPageTest" name="summary_tab" time="20.204"/>
  <system-out/>
  <testcase classname="com.demo.testcases.web.WebAppointmentSummaryPageTest" name="test_instruction_procedure" time="31.379"/>
  <system-out/>
  <testcase classname="com.demo.testcases.web.WebAppointmentSummaryPageTest" name="add_drugs" time="10.084"/>
  <system-out/>
  <testcase classname="com.demo.testcases.web.WebAppointmentSummaryPageTest" name="add_new_drug" time="0.205"/>
  <system-out/>
  <testcase classname="com.demo.testcases.web.WebAppointmentSummaryPageTest" name="drugs_frequency" time="0.112"/>
  <system-out/>
  <testcase classname="com.demo.testcases.web.WebAppointmentSummaryPageTest" name="add_cfd" time="0.167"/>
  <system-out/>
  <testcase classname="com.demo.testcases.web.WebAppointmentSummaryPageTest" name="saved_record" time="17.704"/>
  <system-out/>
  <testcase classname="com.demo.testcases.web.WebAppointmentSummaryPageTest" name="verify_record_is_printed" time="12.904"/>
  <system-out/>
</testsuite> <!-- com.demo.testcases.web.WebAppointmentSummaryPageTest -->
