<?xml version="1.0" encoding="UTF-8"?>
<!-- Generated by org.testng.reporters.JUnitReportReporter -->
<testsuite hostname="DESKTOP-0V2C4OE" failures="0" tests="3" name="com.demo.testcases.web.WebLoginTest" time="0.933" errors="0" timestamp="2023-05-18T12:49:42 IST" skipped="2">
  <testcase classname="com.demo.testcases.web.WebLoginTest" name="login" time="0.933"/>
  <system-out/>
  <testcase classname="com.demo.testcases.web.WebLoginTest" name="validate_error_message">
    <skipped/>
  </testcase> <!-- validate_error_message -->
  <system-out/>
  <testcase classname="com.demo.testcases.web.WebLoginTest" name="Logout">
    <skipped/>
  </testcase> <!-- Logout -->
  <system-out/>
</testsuite> <!-- com.demo.testcases.web.WebLoginTest -->
