<?xml version="1.0" encoding="UTF-8"?>
<!-- Generated by org.testng.reporters.JUnitReportReporter -->
<testsuite hostname="josh-Latitude-3410" failures="0" tests="5" name="com.demo.testcases.web.WebAppointmentCDFPageTest" time="36.756" errors="0" timestamp="2023-08-22T15:18:47 IST" skipped="2">
  <testcase classname="com.demo.testcases.web.WebAppointmentCDFPageTest" name="appointment" time="20.099"/>
  <system-out/>
  <testcase classname="com.demo.testcases.web.WebAppointmentCDFPageTest" name="verify_20_popular_diagnosis" time="1.607"/>
  <system-out/>
  <testcase classname="com.demo.testcases.web.WebAppointmentCDFPageTest" name="add_cfd" time="15.050"/>
  <system-out/>
  <testcase classname="com.demo.testcases.web.WebAppointmentCDFPageTest" name="delete_added_popular_diagnosis">
    <skipped/>
  </testcase> <!-- delete_added_popular_diagnosis -->
  <system-out/>
  <testcase classname="com.demo.testcases.web.WebAppointmentCDFPageTest" name="diagnosis_tab_delete_cfd">
    <skipped/>
  </testcase> <!-- diagnosis_tab_delete_cfd -->
  <system-out/>
</testsuite> <!-- com.demo.testcases.web.WebAppointmentCDFPageTest -->
