<?xml version="1.0" encoding="UTF-8"?>
<!-- Generated by org.testng.reporters.JUnitReportReporter -->
<testsuite hostname="josh-Latitude-3410" failures="0" tests="2" name="com.demo.testcases.web.WebHomePageTest" time="9.264" errors="0" timestamp="2023-08-24T13:51:23 IST" skipped="1">
  <testcase classname="com.demo.testcases.web.WebHomePageTest" name="select_evening_slot" time="9.264"/>
  <system-out/>
  <testcase classname="com.demo.testcases.web.WebHomePageTest" name="verify_disabled_slot">
    <skipped/>
  </testcase> <!-- verify_disabled_slot -->
  <system-out/>
</testsuite> <!-- com.demo.testcases.web.WebHomePageTest -->
