<?xml version="1.0" encoding="UTF-8"?>
<!-- Generated by org.testng.reporters.JUnitReportReporter -->
<testsuite hostname="josh-Latitude-3410" failures="0" tests="2" name="com.demo.testcases.web.Temp" time="0.013" errors="0" timestamp="2023-08-21T16:33:05 IST" skipped="0">
  <testcase classname="com.demo.testcases.web.Temp" name="testExcel" time="0.011"/>
  <system-out/>
  <testcase classname="com.demo.testcases.web.Temp" name="testExcel" time="0.002"/>
  <system-out/>
</testsuite> <!-- com.demo.testcases.web.Temp -->
