<?xml version="1.0" encoding="UTF-8"?>
<!-- Generated by org.testng.reporters.JUnitReportReporter -->
<testsuite hostname="josh-Latitude-3410" failures="0" tests="5" name="com.demo.testcases.web.WebAppointmentInstructionsPageTest" time="3.179" errors="0" timestamp="2023-07-04T12:12:14 IST" skipped="0">
  <testcase classname="com.demo.testcases.web.WebAppointmentInstructionsPageTest" name="instructions_tab" time="0.494"/>
  <system-out/>
  <testcase classname="com.demo.testcases.web.WebAppointmentInstructionsPageTest" name="search_test" time="0.688"/>
  <system-out/>
  <testcase classname="com.demo.testcases.web.WebAppointmentInstructionsPageTest" name="search_instruction" time="0.487"/>
  <system-out/>
  <testcase classname="com.demo.testcases.web.WebAppointmentInstructionsPageTest" name="search_procedure" time="0.474"/>
  <system-out/>
  <testcase classname="com.demo.testcases.web.WebAppointmentInstructionsPageTest" name="create_new_test_inst_procedure" time="1.036"/>
  <system-out/>
</testsuite> <!-- com.demo.testcases.web.WebAppointmentInstructionsPageTest -->
