<?xml version="1.0" encoding="UTF-8"?>
<!-- Generated by org.testng.reporters.JUnitReportReporter -->
<testsuite hostname="DESKTOP-0V2C4OE" failures="0" tests="1" name="com.demo.testcases.mobile.MobileLogin" time="3.771" errors="0" timestamp="2023-05-18T12:50:10 IST" skipped="0">
  <testcase classname="com.demo.testcases.mobile.MobileLogin" name="mobileLogin" time="3.771"/>
  <system-out/>
</testsuite> <!-- com.demo.testcases.mobile.MobileLogin -->
