<?xml version="1.0" encoding="UTF-8"?>
<!-- Generated by org.testng.reporters.JUnitReportReporter -->
<testsuite hostname="josh-Latitude-3410" failures="0" tests="8" name="com.demo.testcases.web.WebSummaryPageTest" time="54.823" errors="0" timestamp="2023-08-24T13:51:23 IST" skipped="0">
  <testcase classname="com.demo.testcases.web.WebSummaryPageTest" name="summary_tab" time="23.198"/>
  <system-out/>
  <testcase classname="com.demo.testcases.web.WebSummaryPageTest" name="test_instruction_procedure" time="11.351"/>
  <system-out/>
  <testcase classname="com.demo.testcases.web.WebSummaryPageTest" name="add_drugs" time="0.100"/>
  <system-out/>
  <testcase classname="com.demo.testcases.web.WebSummaryPageTest" name="add_new_drug" time="0.088"/>
  <system-out/>
  <testcase classname="com.demo.testcases.web.WebSummaryPageTest" name="drugs_frequency" time="0.145"/>
  <system-out/>
  <testcase classname="com.demo.testcases.web.WebSummaryPageTest" name="add_cfd" time="0.090"/>
  <system-out/>
  <testcase classname="com.demo.testcases.web.WebSummaryPageTest" name="saved_record" time="7.425"/>
  <system-out/>
  <testcase classname="com.demo.testcases.web.WebSummaryPageTest" name="verify_record_is_printed" time="12.426"/>
  <system-out/>
</testsuite> <!-- com.demo.testcases.web.WebSummaryPageTest -->
