<?xml version="1.0" encoding="UTF-8"?>
<!-- Generated by org.testng.reporters.JUnitReportReporter -->
<testsuite hostname="DESKTOP-0V2C4OE" failures="0" tests="3" name="com.demo.testcases.LoginTest" time="0.033" errors="0" timestamp="2023-05-17T17:58:31 IST" skipped="0">
  <testcase classname="com.demo.testcases.LoginTest" name="login" time="0.026"/>
  <system-out/>
  <testcase classname="com.demo.testcases.LoginTest" name="Logout" time="0.003"/>
  <system-out/>
  <testcase classname="com.demo.testcases.LoginTest" name="validate_error_message" time="0.004"/>
  <system-out/>
</testsuite> <!-- com.demo.testcases.LoginTest -->
