<?xml version="1.0" encoding="UTF-8"?>
<!-- Generated by org.testng.reporters.JUnitReportReporter -->
<testsuite hostname="josh-Latitude-3410" failures="0" tests="4" name="com.demo.testcases.web.WebAppointmentInstructionsPageTest" time="1.987" errors="0" timestamp="2023-06-30T16:05:48 IST" skipped="0">
  <testcase classname="com.demo.testcases.web.WebAppointmentInstructionsPageTest" name="instructions_tab" time="0.401"/>
  <system-out/>
  <testcase classname="com.demo.testcases.web.WebAppointmentInstructionsPageTest" name="search_test" time="0.803"/>
  <system-out/>
  <testcase classname="com.demo.testcases.web.WebAppointmentInstructionsPageTest" name="search_instruction" time="0.385"/>
  <system-out/>
  <testcase classname="com.demo.testcases.web.WebAppointmentInstructionsPageTest" name="search_procedure" time="0.398"/>
  <system-out/>
</testsuite> <!-- com.demo.testcases.web.WebAppointmentInstructionsPageTest -->
